;  LST file generated by mikroListExporter - v.2.0 
; Date/Time: 11.08.2022 02:13:51
;----------------------------------------------

;Address Opcode 	ASM
0x0000	0x2816      	GOTO       22
_____DoICP:
;__Lib_System.c,6 :: 		
;__Lib_System.c,9 :: 		
0x0003	0x1283      	BCF        STATUS, 5
0x0004	0x1303      	BCF        STATUS, 6
0x0005	0x0829      	MOVF       ___DoICPAddr+1, 0
0x0006	0x008A      	MOVWF      PCLATH
;__Lib_System.c,10 :: 		
0x0007	0x0828      	MOVF       ___DoICPAddr, 0
0x0008	0x0082      	MOVWF      PCL
;__Lib_System.c,12 :: 		
L_end_____DoICP:
0x0009	0x0008      	RETURN
; end of _____DoICP
___CC2DW:
;__Lib_System.c,134 :: 		
;__Lib_System.c,137 :: 		
_CC2D_Loop1:
;__Lib_System.c,139 :: 		
0x000A	0x2003      	CALL       _____DoICP
0x000B	0x118A      	BCF        PCLATH, 3
0x000C	0x120A      	BCF        PCLATH, 4
;__Lib_System.c,141 :: 		
0x000D	0x0080      	MOVWF      INDF
;__Lib_System.c,142 :: 		
0x000E	0x0A84      	INCF       FSR, 1
;__Lib_System.c,143 :: 		
0x000F	0x0AA8      	INCF       ___DoICPAddr, 1
;__Lib_System.c,145 :: 		
0x0010	0x1903      	BTFSC      STATUS, 2
;__Lib_System.c,146 :: 		
0x0011	0x0AA9      	INCF       ___DoICPAddr+1, 1
;__Lib_System.c,147 :: 		
0x0012	0x03F0      	DECF       R0, 1
;__Lib_System.c,149 :: 		
0x0013	0x1D03      	BTFSS      STATUS, 2
;__Lib_System.c,150 :: 		
0x0014	0x280A      	GOTO       _CC2D_Loop1
;__Lib_System.c,152 :: 		
L_end___CC2DW:
0x0015	0x0008      	RETURN
; end of ___CC2DW
_main:
0x0016	0x3001      	MOVLW      1
0x0017	0x1283      	BCF        STATUS, 5
0x0018	0x1303      	BCF        STATUS, 6
0x0019	0x00A0      	MOVWF      _sol_b
0x001A	0x01A1      	CLRF       33
0x001B	0x3001      	MOVLW      1
0x001C	0x00A2      	MOVWF      _sag_c
0x001D	0x01A3      	CLRF       35
0x001E	0x01A4      	CLRF       _sol_c
0x001F	0x01A5      	CLRF       37
0x0020	0x01A6      	CLRF       _sag_b
0x0021	0x01A7      	CLRF       39
;io8.c,6 :: 		void main() {
;io8.c,7 :: 		TRISB=0;
0x0022	0x1683      	BSF        STATUS, 5
0x0023	0x0186      	CLRF       TRISB
;io8.c,8 :: 		TRISC=0;
0x0024	0x0187      	CLRF       TRISC
;io8.c,9 :: 		ANSEL=ANSELH=0;
0x0025	0x1703      	BSF        STATUS, 6
0x0026	0x0189      	CLRF       ANSELH
0x0027	0x0188      	CLRF       ANSEL
;io8.c,10 :: 		PORTC = 0b00010100;
0x0028	0x3014      	MOVLW      20
0x0029	0x1283      	BCF        STATUS, 5
0x002A	0x1303      	BCF        STATUS, 6
0x002B	0x0087      	MOVWF      PORTC
;io8.c,11 :: 		PORTB = 0b00101000;
0x002C	0x3028      	MOVLW      40
0x002D	0x0086      	MOVWF      PORTB
;io8.c,12 :: 		delay_ms(10);
0x002E	0x301A      	MOVLW      26
0x002F	0x00FC      	MOVWF      R12
0x0030	0x30F8      	MOVLW      248
0x0031	0x00FD      	MOVWF      R13
L_main0:
0x0032	0x0BFD      	DECFSZ     R13, 1
0x0033	0x2832      	GOTO       L_main0
0x0034	0x0BFC      	DECFSZ     R12, 1
0x0035	0x2832      	GOTO       L_main0
0x0036	0x0000      	NOP
;io8.c,14 :: 		while(1)
L_main1:
;io8.c,17 :: 		if(PORTB >= 0b10100000 && sag_b==1)
0x0037	0x30A0      	MOVLW      160
0x0038	0x0206      	SUBWF      PORTB, 0
0x0039	0x1C03      	BTFSS      STATUS, 0
0x003A	0x2847      	GOTO       L_main5
0x003B	0x3000      	MOVLW      0
0x003C	0x0627      	XORWF      _sag_b+1, 0
0x003D	0x1D03      	BTFSS      STATUS, 2
0x003E	0x2841      	GOTO       L__main40
0x003F	0x3001      	MOVLW      1
0x0040	0x0626      	XORWF      _sag_b, 0
L__main40:
0x0041	0x1D03      	BTFSS      STATUS, 2
0x0042	0x2847      	GOTO       L_main5
L__main38:
;io8.c,19 :: 		sol_b=1;
0x0043	0x3001      	MOVLW      1
0x0044	0x00A0      	MOVWF      _sol_b
0x0045	0x3000      	MOVLW      0
0x0046	0x00A1      	MOVWF      _sol_b+1
;io8.c,20 :: 		}
L_main5:
;io8.c,22 :: 		if(PORTB >= 0b10100000 || sol_b==1)
0x0047	0x30A0      	MOVLW      160
0x0048	0x0206      	SUBWF      PORTB, 0
0x0049	0x1803      	BTFSC      STATUS, 0
0x004A	0x2854      	GOTO       L__main37
0x004B	0x3000      	MOVLW      0
0x004C	0x0621      	XORWF      _sol_b+1, 0
0x004D	0x1D03      	BTFSS      STATUS, 2
0x004E	0x2851      	GOTO       L__main41
0x004F	0x3001      	MOVLW      1
0x0050	0x0620      	XORWF      _sol_b, 0
L__main41:
0x0051	0x1903      	BTFSC      STATUS, 2
0x0052	0x2854      	GOTO       L__main37
0x0053	0x2865      	GOTO       L_main8
L__main37:
;io8.c,24 :: 		PORTB = PORTB>>1;
0x0054	0x0806      	MOVF       PORTB, 0
0x0055	0x00F0      	MOVWF      R0
0x0056	0x0CF0      	RRF        R0, 1
0x0057	0x13F0      	BCF        R0, 7
0x0058	0x0870      	MOVF       R0, 0
0x0059	0x0086      	MOVWF      PORTB
;io8.c,25 :: 		delay_ms(10);
0x005A	0x301A      	MOVLW      26
0x005B	0x00FC      	MOVWF      R12
0x005C	0x30F8      	MOVLW      248
0x005D	0x00FD      	MOVWF      R13
L_main9:
0x005E	0x0BFD      	DECFSZ     R13, 1
0x005F	0x285E      	GOTO       L_main9
0x0060	0x0BFC      	DECFSZ     R12, 1
0x0061	0x285E      	GOTO       L_main9
0x0062	0x0000      	NOP
;io8.c,26 :: 		sag_b=0;
0x0063	0x01A6      	CLRF       _sag_b
0x0064	0x01A7      	CLRF       _sag_b+1
;io8.c,27 :: 		}
L_main8:
;io8.c,29 :: 		if(PORTB <= 0b00000101 && sol_b==1)
0x0065	0x0806      	MOVF       PORTB, 0
0x0066	0x3C05      	SUBLW      5
0x0067	0x1C03      	BTFSS      STATUS, 0
0x0068	0x2875      	GOTO       L_main12
0x0069	0x3000      	MOVLW      0
0x006A	0x0621      	XORWF      _sol_b+1, 0
0x006B	0x1D03      	BTFSS      STATUS, 2
0x006C	0x286F      	GOTO       L__main42
0x006D	0x3001      	MOVLW      1
0x006E	0x0620      	XORWF      _sol_b, 0
L__main42:
0x006F	0x1D03      	BTFSS      STATUS, 2
0x0070	0x2875      	GOTO       L_main12
L__main36:
;io8.c,31 :: 		sag_b=1;
0x0071	0x3001      	MOVLW      1
0x0072	0x00A6      	MOVWF      _sag_b
0x0073	0x3000      	MOVLW      0
0x0074	0x00A7      	MOVWF      _sag_b+1
;io8.c,32 :: 		}
L_main12:
;io8.c,34 :: 		if(PORTB <= 0b00000101 || sag_b==1)
0x0075	0x0806      	MOVF       PORTB, 0
0x0076	0x3C05      	SUBLW      5
0x0077	0x1803      	BTFSC      STATUS, 0
0x0078	0x2882      	GOTO       L__main35
0x0079	0x3000      	MOVLW      0
0x007A	0x0627      	XORWF      _sag_b+1, 0
0x007B	0x1D03      	BTFSS      STATUS, 2
0x007C	0x287F      	GOTO       L__main43
0x007D	0x3001      	MOVLW      1
0x007E	0x0626      	XORWF      _sag_b, 0
L__main43:
0x007F	0x1903      	BTFSC      STATUS, 2
0x0080	0x2882      	GOTO       L__main35
0x0081	0x2893      	GOTO       L_main15
L__main35:
;io8.c,36 :: 		PORTB = PORTB<<1;
0x0082	0x0806      	MOVF       PORTB, 0
0x0083	0x00F0      	MOVWF      R0
0x0084	0x0DF0      	RLF        R0, 1
0x0085	0x1070      	BCF        R0, 0
0x0086	0x0870      	MOVF       R0, 0
0x0087	0x0086      	MOVWF      PORTB
;io8.c,37 :: 		delay_ms(10);
0x0088	0x301A      	MOVLW      26
0x0089	0x00FC      	MOVWF      R12
0x008A	0x30F8      	MOVLW      248
0x008B	0x00FD      	MOVWF      R13
L_main16:
0x008C	0x0BFD      	DECFSZ     R13, 1
0x008D	0x288C      	GOTO       L_main16
0x008E	0x0BFC      	DECFSZ     R12, 1
0x008F	0x288C      	GOTO       L_main16
0x0090	0x0000      	NOP
;io8.c,38 :: 		sol_b=0;
0x0091	0x01A0      	CLRF       _sol_b
0x0092	0x01A1      	CLRF       _sol_b+1
;io8.c,39 :: 		}
L_main15:
;io8.c,40 :: 		if(PORTB >= 0b10100000 && sag_c==1)
0x0093	0x30A0      	MOVLW      160
0x0094	0x0206      	SUBWF      PORTB, 0
0x0095	0x1C03      	BTFSS      STATUS, 0
0x0096	0x28A3      	GOTO       L_main19
0x0097	0x3000      	MOVLW      0
0x0098	0x0623      	XORWF      _sag_c+1, 0
0x0099	0x1D03      	BTFSS      STATUS, 2
0x009A	0x289D      	GOTO       L__main44
0x009B	0x3001      	MOVLW      1
0x009C	0x0622      	XORWF      _sag_c, 0
L__main44:
0x009D	0x1D03      	BTFSS      STATUS, 2
0x009E	0x28A3      	GOTO       L_main19
L__main34:
;io8.c,42 :: 		sol_c=1;
0x009F	0x3001      	MOVLW      1
0x00A0	0x00A4      	MOVWF      _sol_c
0x00A1	0x3000      	MOVLW      0
0x00A2	0x00A5      	MOVWF      _sol_c+1
;io8.c,43 :: 		}
L_main19:
;io8.c,45 :: 		if(PORTB >= 0b10100000 || sol_c==1)
0x00A3	0x30A0      	MOVLW      160
0x00A4	0x0206      	SUBWF      PORTB, 0
0x00A5	0x1803      	BTFSC      STATUS, 0
0x00A6	0x28B0      	GOTO       L__main33
0x00A7	0x3000      	MOVLW      0
0x00A8	0x0625      	XORWF      _sol_c+1, 0
0x00A9	0x1D03      	BTFSS      STATUS, 2
0x00AA	0x28AD      	GOTO       L__main45
0x00AB	0x3001      	MOVLW      1
0x00AC	0x0624      	XORWF      _sol_c, 0
L__main45:
0x00AD	0x1903      	BTFSC      STATUS, 2
0x00AE	0x28B0      	GOTO       L__main33
0x00AF	0x28C1      	GOTO       L_main22
L__main33:
;io8.c,47 :: 		PORTB = PORTB>>1;
0x00B0	0x0806      	MOVF       PORTB, 0
0x00B1	0x00F0      	MOVWF      R0
0x00B2	0x0CF0      	RRF        R0, 1
0x00B3	0x13F0      	BCF        R0, 7
0x00B4	0x0870      	MOVF       R0, 0
0x00B5	0x0086      	MOVWF      PORTB
;io8.c,48 :: 		delay_ms(10);
0x00B6	0x301A      	MOVLW      26
0x00B7	0x00FC      	MOVWF      R12
0x00B8	0x30F8      	MOVLW      248
0x00B9	0x00FD      	MOVWF      R13
L_main23:
0x00BA	0x0BFD      	DECFSZ     R13, 1
0x00BB	0x28BA      	GOTO       L_main23
0x00BC	0x0BFC      	DECFSZ     R12, 1
0x00BD	0x28BA      	GOTO       L_main23
0x00BE	0x0000      	NOP
;io8.c,49 :: 		sag_c=0;
0x00BF	0x01A2      	CLRF       _sag_c
0x00C0	0x01A3      	CLRF       _sag_c+1
;io8.c,50 :: 		}
L_main22:
;io8.c,52 :: 		if(PORTB <= 0b00000101 && sol_c==1)
0x00C1	0x0806      	MOVF       PORTB, 0
0x00C2	0x3C05      	SUBLW      5
0x00C3	0x1C03      	BTFSS      STATUS, 0
0x00C4	0x28D1      	GOTO       L_main26
0x00C5	0x3000      	MOVLW      0
0x00C6	0x0625      	XORWF      _sol_c+1, 0
0x00C7	0x1D03      	BTFSS      STATUS, 2
0x00C8	0x28CB      	GOTO       L__main46
0x00C9	0x3001      	MOVLW      1
0x00CA	0x0624      	XORWF      _sol_c, 0
L__main46:
0x00CB	0x1D03      	BTFSS      STATUS, 2
0x00CC	0x28D1      	GOTO       L_main26
L__main32:
;io8.c,54 :: 		sag_c=1;
0x00CD	0x3001      	MOVLW      1
0x00CE	0x00A2      	MOVWF      _sag_c
0x00CF	0x3000      	MOVLW      0
0x00D0	0x00A3      	MOVWF      _sag_c+1
;io8.c,55 :: 		}
L_main26:
;io8.c,57 :: 		if(PORTB <= 0b00000101 || sag_c==1)
0x00D1	0x0806      	MOVF       PORTB, 0
0x00D2	0x3C05      	SUBLW      5
0x00D3	0x1803      	BTFSC      STATUS, 0
0x00D4	0x28DE      	GOTO       L__main31
0x00D5	0x3000      	MOVLW      0
0x00D6	0x0623      	XORWF      _sag_c+1, 0
0x00D7	0x1D03      	BTFSS      STATUS, 2
0x00D8	0x28DB      	GOTO       L__main47
0x00D9	0x3001      	MOVLW      1
0x00DA	0x0622      	XORWF      _sag_c, 0
L__main47:
0x00DB	0x1903      	BTFSC      STATUS, 2
0x00DC	0x28DE      	GOTO       L__main31
0x00DD	0x28EF      	GOTO       L_main29
L__main31:
;io8.c,59 :: 		PORTB = PORTB<<1;
0x00DE	0x0806      	MOVF       PORTB, 0
0x00DF	0x00F0      	MOVWF      R0
0x00E0	0x0DF0      	RLF        R0, 1
0x00E1	0x1070      	BCF        R0, 0
0x00E2	0x0870      	MOVF       R0, 0
0x00E3	0x0086      	MOVWF      PORTB
;io8.c,60 :: 		delay_ms(10);
0x00E4	0x301A      	MOVLW      26
0x00E5	0x00FC      	MOVWF      R12
0x00E6	0x30F8      	MOVLW      248
0x00E7	0x00FD      	MOVWF      R13
L_main30:
0x00E8	0x0BFD      	DECFSZ     R13, 1
0x00E9	0x28E8      	GOTO       L_main30
0x00EA	0x0BFC      	DECFSZ     R12, 1
0x00EB	0x28E8      	GOTO       L_main30
0x00EC	0x0000      	NOP
;io8.c,61 :: 		sol_c=0;
0x00ED	0x01A4      	CLRF       _sol_c
0x00EE	0x01A5      	CLRF       _sol_c+1
;io8.c,62 :: 		}
L_main29:
;io8.c,63 :: 		}
0x00EF	0x2837      	GOTO       L_main1
;io8.c,64 :: 		}
L_end_main:
0x00F0	0x28F0      	GOTO       $+0
; end of _main
Symbol List:
//** Routines locations **
//ADDRESS    SIZE    PROCEDURE
//----------------------------------------------
0x0003       [7]    _____DoICP
0x000A      [12]    ___CC2DW
0x0016     [219]    _main
//** Variables locations ** 
//ADDRESS    SIZE    VARIABLE
//----------------------------------------------
0x0000       [1]    INDF
0x0002       [1]    PCL
0x0003       [1]    STATUS
0x0004       [1]    FSR
0x0006       [1]    PORTB
0x0007       [1]    PORTC
0x000A       [1]    PCLATH
0x0020       [2]    _sol_b
0x0022       [2]    _sag_c
0x0024       [2]    _sol_c
0x0026       [2]    _sag_b
0x0028       [2]    ___DoICPAddr
0x0070       [1]    R0
0x0071       [1]    R1
0x0072       [1]    R2
0x0073       [1]    R3
0x0074       [1]    R4
0x0075       [1]    R5
0x0076       [1]    R6
0x0077       [1]    R7
0x0078       [1]    R8
0x0079       [1]    R9
0x007A       [1]    R10
0x007B       [1]    R11
0x007C       [1]    R12
0x007D       [1]    R13
0x007E       [1]    R14
0x007F       [1]    R15
0x0086       [1]    TRISB
0x0087       [1]    TRISC
0x0188       [1]    ANSEL
0x0189       [1]    ANSELH
